<?xml version="1.0" encoding="UTF-8"?>
<!-- Generated by org.testng.reporters.JUnitXMLReporter -->
<testsuite hostname="DESKTOP-1TURA65" name="ChromeTest" tests="5" failures="0" timestamp="18 Jun 2019 07:06:07 GMT" time="632.357" errors="0">
  <testcase name="FacebookTest" time="122.816" classname="com.aman.projects.docker.FirstTest"/>
  <testcase name="GmailTest" time="19.339" classname="com.aman.projects.docker.FirstTest"/>
  <testcase name="InstagramTest" time="72.016" classname="com.aman.projects.docker.FirstTest"/>
  <testcase name="MyntraTest" time="214.912" classname="com.aman.projects.docker.SecondTest"/>
  <testcase name="ThoughtWorksTest" time="183.387" classname="com.aman.projects.docker.SecondTest"/>
</testsuite> <!-- ChromeTest -->
